<?xml version="1.0" encoding="UTF-8"?>
<testng-results skipped="0" failed="0" ignored="0" total="1" passed="1">
  <reporter-output>
  </reporter-output>
  <suite name="Suite" duration-ms="18843" started-at="2021-03-02T17:19:25 EST" finished-at="2021-03-02T17:19:44 EST">
    <groups>
    </groups>
    <test name="Bank" duration-ms="18843" started-at="2021-03-02T17:19:25 EST" finished-at="2021-03-02T17:19:44 EST">
      <class name="com.Bank.testCases.TC_addCustomer_003">
        <test-method status="PASS" signature="setUp(java.lang.String)[pri:0, instance:com.Bank.testCases.TC_addCustomer_003@2038ae61]" name="setUp" is-config="true" duration-ms="6636" started-at="2021-03-02T17:19:26 EST" finished-at="2021-03-02T17:19:32 EST">
          <params>
            <param index="0">
              <value>
                <![CDATA[chrome]]>
              </value>
            </param>
          </params>
          <reporter-output>
          </reporter-output>
        </test-method> <!-- setUp -->
        <test-method status="PASS" signature="addcustomer()[pri:0, instance:com.Bank.testCases.TC_addCustomer_003@2038ae61]" name="addcustomer" duration-ms="4893" started-at="2021-03-02T17:19:32 EST" finished-at="2021-03-02T17:19:37 EST">
          <reporter-output>
          </reporter-output>
        </test-method> <!-- addcustomer -->
        <test-method status="PASS" signature="tearDown()[pri:0, instance:com.Bank.testCases.TC_addCustomer_003@2038ae61]" name="tearDown" is-config="true" duration-ms="7145" started-at="2021-03-02T17:19:37 EST" finished-at="2021-03-02T17:19:44 EST">
          <reporter-output>
          </reporter-output>
        </test-method> <!-- tearDown -->
      </class> <!-- com.Bank.testCases.TC_addCustomer_003 -->
    </test> <!-- Bank -->
  </suite> <!-- Suite -->
</testng-results>
