<?xml version="1.0" encoding="UTF-8"?>
<testng-results skipped="0" failed="0" ignored="0" total="1" passed="1">
  <reporter-output>
  </reporter-output>
  <suite name="Failed suite [Suite]" duration-ms="17066" started-at="2021-03-01T16:07:09 EST" finished-at="2021-03-01T16:07:26 EST">
    <groups>
    </groups>
    <test name="Bank(failed)" duration-ms="17066" started-at="2021-03-01T16:07:09 EST" finished-at="2021-03-01T16:07:26 EST">
      <class name="com.Bank.testCases.TC_addCustomer_003">
        <test-method status="PASS" signature="setUp(java.lang.String)[pri:0, instance:com.Bank.testCases.TC_addCustomer_003@2781e022]" name="setUp" is-config="true" duration-ms="5147" started-at="2021-03-01T16:07:09 EST" finished-at="2021-03-01T16:07:14 EST">
          <params>
            <param index="0">
              <value>
                <![CDATA[chrome]]>
              </value>
            </param>
          </params>
          <reporter-output>
          </reporter-output>
        </test-method> <!-- setUp -->
        <test-method status="PASS" signature="addcustomer()[pri:0, instance:com.Bank.testCases.TC_addCustomer_003@2781e022]" name="addcustomer" duration-ms="4553" started-at="2021-03-01T16:07:14 EST" finished-at="2021-03-01T16:07:19 EST">
          <reporter-output>
          </reporter-output>
        </test-method> <!-- addcustomer -->
        <test-method status="PASS" signature="tearDown()[pri:0, instance:com.Bank.testCases.TC_addCustomer_003@2781e022]" name="tearDown" is-config="true" duration-ms="7191" started-at="2021-03-01T16:07:19 EST" finished-at="2021-03-01T16:07:26 EST">
          <reporter-output>
          </reporter-output>
        </test-method> <!-- tearDown -->
      </class> <!-- com.Bank.testCases.TC_addCustomer_003 -->
    </test> <!-- Bank(failed) -->
  </suite> <!-- Failed suite [Suite] -->
</testng-results>
